2018-03-21 22:36:35,476  WARN QueueWithBuffer:328 Link 30914 too small: enlarge storage capacity from: 4.289011311817947 Vehicles to: 9.650275451590382 Vehicles.  This is not fatal, but modifies the traffic flow dynamics.
2018-03-21 22:36:35,476  WARN QueueWithBuffer:328 Link 30915 too small: enlarge storage capacity from: 4.289011311817947 Vehicles to: 9.650275451590382 Vehicles.  This is not fatal, but modifies the traffic flow dynamics.
2018-03-21 22:36:35,476  WARN QueueWithBuffer:328 Link 30918 too small: enlarge storage capacity from: 6.1509404468977795 Vehicles to: 13.839616005520005 Vehicles.  This is not fatal, but modifies the traffic flow dynamics.
2018-03-21 22:36:35,476  WARN QueueWithBuffer:328 Link 30919 too small: enlarge storage capacity from: 6.1509404468977795 Vehicles to: 13.839616005520005 Vehicles.  This is not fatal, but modifies the traffic flow dynamics.
2018-03-21 22:36:35,584  WARN QueueWithBuffer:328 Link 98674 too small: enlarge storage capacity from: 8.050310235968551 Vehicles to: 18.113198030929244 Vehicles.  This is not fatal, but modifies the traffic flow dynamics.
2018-03-21 22:36:35,585  WARN QueueWithBuffer:328 Link 98675 too small: enlarge storage capacity from: 8.050310235968551 Vehicles to: 18.113198030929244 Vehicles.  This is not fatal, but modifies the traffic flow dynamics.
2018-03-21 22:36:39,555 ERROR QNode:270 Agent has no or wrong route! agentId=3438 currentLink=75382. The agent is removed from the simulation.
2018-03-21 22:36:40,181 ERROR QNode:270 Agent has no or wrong route! agentId=1401 currentLink=78266. The agent is removed from the simulation.
2018-03-21 22:36:40,348 ERROR QNode:270 Agent has no or wrong route! agentId=4185 currentLink=75382. The agent is removed from the simulation.
2018-03-21 22:36:40,834 ERROR QNode:270 Agent has no or wrong route! agentId=4824 currentLink=78266. The agent is removed from the simulation.
2018-03-21 22:36:42,692 ERROR QNode:270 Agent has no or wrong route! agentId=2723 currentLink=75382. The agent is removed from the simulation.
2018-03-21 22:36:42,889 ERROR QNode:270 Agent has no or wrong route! agentId=2061 currentLink=75382. The agent is removed from the simulation.
2018-03-21 22:36:46,988 ERROR QNode:270 Agent has no or wrong route! agentId=3272 currentLink=75382. The agent is removed from the simulation.
2018-03-21 22:36:47,475 ERROR QNode:270 Agent has no or wrong route! agentId=4134 currentLink=78266. The agent is removed from the simulation.
2018-03-21 22:36:49,253 ERROR QNode:270 Agent has no or wrong route! agentId=3023 currentLink=78266. The agent is removed from the simulation.
2018-03-21 22:36:50,811 ERROR QNode:270 Agent has no or wrong route! agentId=388 currentLink=78266. The agent is removed from the simulation.
2018-03-21 22:36:51,589 ERROR QNode:270 Agent has no or wrong route! agentId=3292 currentLink=78266. The agent is removed from the simulation.
2018-03-21 22:36:51,799 ERROR QNode:270 Agent has no or wrong route! agentId=3026 currentLink=75382. The agent is removed from the simulation.
2018-03-21 22:36:52,106 ERROR QNode:270 Agent has no or wrong route! agentId=1541 currentLink=78266. The agent is removed from the simulation.
2018-03-21 22:36:53,240 ERROR QNode:270 Agent has no or wrong route! agentId=2416 currentLink=78266. The agent is removed from the simulation.
2018-03-21 22:36:53,751 ERROR QNode:270 Agent has no or wrong route! agentId=4778 currentLink=75382. The agent is removed from the simulation.
2018-03-21 22:36:54,539 ERROR QNode:270 Agent has no or wrong route! agentId=1646 currentLink=75382. The agent is removed from the simulation.
2018-03-21 22:36:55,225 ERROR QNode:270 Agent has no or wrong route! agentId=2788 currentLink=78266. The agent is removed from the simulation.
2018-03-21 22:36:55,441 ERROR QNode:270 Agent has no or wrong route! agentId=4554 currentLink=75382. The agent is removed from the simulation.
2018-03-21 22:36:55,576 ERROR QNode:270 Agent has no or wrong route! agentId=3785 currentLink=75382. The agent is removed from the simulation.
2018-03-21 22:36:55,844 ERROR QNode:270 Agent has no or wrong route! agentId=2917 currentLink=75382. The agent is removed from the simulation.
2018-03-21 22:36:56,234 ERROR QNode:270 Agent has no or wrong route! agentId=4656 currentLink=78266. The agent is removed from the simulation.
2018-03-21 22:36:56,580 ERROR QNode:270 Agent has no or wrong route! agentId=2116 currentLink=78266. The agent is removed from the simulation.
2018-03-21 22:36:56,600 ERROR QNode:270 Agent has no or wrong route! agentId=1143 currentLink=75382. The agent is removed from the simulation.
2018-03-21 22:36:56,701 ERROR QNode:270 Agent has no or wrong route! agentId=3142 currentLink=75382. The agent is removed from the simulation.
2018-03-21 22:36:57,822 ERROR QNode:270 Agent has no or wrong route! agentId=4749 currentLink=75382. The agent is removed from the simulation.
2018-03-21 22:36:58,110 ERROR QNode:270 Agent has no or wrong route! agentId=4675 currentLink=75382. The agent is removed from the simulation.
2018-03-21 22:36:58,241 ERROR QNode:270 Agent has no or wrong route! agentId=4132 currentLink=75382. The agent is removed from the simulation.
2018-03-21 22:36:58,293 ERROR QNode:270 Agent has no or wrong route! agentId=4331 currentLink=75382. The agent is removed from the simulation.
2018-03-21 22:36:58,444 ERROR QNode:270 Agent has no or wrong route! agentId=1144 currentLink=75382. The agent is removed from the simulation.
2018-03-21 22:36:59,481 ERROR QNode:270 Agent has no or wrong route! agentId=3398 currentLink=75382. The agent is removed from the simulation.
2018-03-21 22:37:01,257  WARN CharyparNagelActivityScoring:252 The first and the last activity do not have the same type. 
2018-03-21 22:37:01,257  WARN CharyparNagelActivityScoring:253 Will score the first activity from midnight to its end, and the last activity from its start to midnight.
2018-03-21 22:37:01,257  WARN CharyparNagelActivityScoring:254 Because of the nonlinear function, this is not the same as scoring from start to end.
2018-03-21 22:37:01,258  WARN CharyparNagelActivityScoring:255 first activity: [type=h][coord=null][linkId=27843][startTime=undefined][endTime=10:07:00][duration=undefined][facilityId=null]
2018-03-21 22:37:01,258  WARN CharyparNagelActivityScoring:256 last activity: [type=w][coord=null][linkId=27843][startTime=10:07:01][endTime=undefined][duration=undefined][facilityId=null]
2018-03-21 22:37:01,258  WARN CharyparNagelActivityScoring:257 This may also happen when plans are not completed when the simulation ends.
2018-03-21 22:37:01,258  WARN CharyparNagelActivityScoring:259 Additional warnings of this type are suppressed.
